2026-03-26 14:30:36 | 로그 저장 경로: /DATA/WGS_study/YSL/projects/latentgee/examples/logs/latentgee_prototype_cutoff_multi_2026-03-26(3).log
2026-03-26 14:30:36 | LatentGEE prototype 시작
2026-03-26 14:30:36 | python == 3.10.20
2026-03-26 14:30:36 | torch == 2.2.2
2026-03-26 14:30:36 | numpy == 1.26.4
2026-03-26 14:30:36 | scikit-learn == 1.7.2
2026-03-26 14:30:36 | optuna == 3.6.1
2026-03-26 14:30:36 | hdbscan == 0.8.41
2026-03-26 14:32:14 | [10/80] kl_warmup_epochs 37   ZILN-NLL 2.6325  KL 0.4725  beta_t 0.1539
2026-03-26 14:32:17 | [20/80] kl_warmup_epochs 37   ZILN-NLL 1.6346  KL 0.3405  beta_t 0.3078
2026-03-26 14:32:20 | [30/80] kl_warmup_epochs 37   ZILN-NLL 0.9768  KL 0.2632  beta_t 0.4617
2026-03-26 14:32:23 | [40/80] kl_warmup_epochs 37   ZILN-NLL 0.6920  KL 0.2103  beta_t 0.5694
2026-03-26 14:32:26 | [50/80] kl_warmup_epochs 37   ZILN-NLL 0.5768  KL 0.1773  beta_t 0.5694
2026-03-26 14:32:28 | [60/80] kl_warmup_epochs 37   ZILN-NLL 0.5308  KL 0.1547  beta_t 0.5694
2026-03-26 14:32:31 | [70/80] kl_warmup_epochs 37   ZILN-NLL 0.5015  KL 0.1348  beta_t 0.5694
2026-03-26 14:32:33 | [80/80] kl_warmup_epochs 37   ZILN-NLL 0.4849  KL 0.1232  beta_t 0.5694
2026-03-26 14:32:34 | New best trial 0 | r2=1.0000
2026-03-26 14:32:39 | [10/100] kl_warmup_epochs 63   ZILN-NLL 0.9929  KL 4.6341  beta_t 0.0127
2026-03-26 14:32:44 | [20/100] kl_warmup_epochs 63   ZILN-NLL 0.8851  KL 2.7407  beta_t 0.0254
2026-03-26 14:32:49 | [30/100] kl_warmup_epochs 63   ZILN-NLL 0.8262  KL 1.9680  beta_t 0.0381
2026-03-26 14:32:54 | [40/100] kl_warmup_epochs 63   ZILN-NLL 0.7899  KL 1.5455  beta_t 0.0507
2026-03-26 14:32:59 | [50/100] kl_warmup_epochs 63   ZILN-NLL 0.7629  KL 1.2363  beta_t 0.0634
2026-03-26 14:33:04 | [60/100] kl_warmup_epochs 63   ZILN-NLL 0.7490  KL 1.0447  beta_t 0.0761
2026-03-26 14:33:09 | [70/100] kl_warmup_epochs 63   ZILN-NLL 0.7281  KL 0.9578  beta_t 0.0799
2026-03-26 14:33:14 | [80/100] kl_warmup_epochs 63   ZILN-NLL 0.7133  KL 0.8845  beta_t 0.0799
2026-03-26 14:33:20 | [90/100] kl_warmup_epochs 63   ZILN-NLL 0.6970  KL 0.8540  beta_t 0.0799
2026-03-26 14:33:25 | [100/100] kl_warmup_epochs 63   ZILN-NLL 0.6898  KL 0.8251  beta_t 0.0799
2026-03-26 14:33:34 | [10/150] kl_warmup_epochs 60   ZILN-NLL 0.3376  KL 0.2232  beta_t 0.0686
2026-03-26 14:33:43 | [20/150] kl_warmup_epochs 60   ZILN-NLL 0.3031  KL 0.1003  beta_t 0.1373
2026-03-26 14:33:52 | [30/150] kl_warmup_epochs 60   ZILN-NLL 0.2841  KL 0.0368  beta_t 0.2059
2026-03-26 14:34:01 | [40/150] kl_warmup_epochs 60   ZILN-NLL 0.2686  KL 0.0119  beta_t 0.2745
2026-03-26 14:34:10 | [50/150] kl_warmup_epochs 60   ZILN-NLL 0.2600  KL 0.0031  beta_t 0.3431
2026-03-26 14:34:19 | [60/150] kl_warmup_epochs 60   ZILN-NLL 0.2533  KL 0.0007  beta_t 0.4118
2026-03-26 14:34:28 | [70/150] kl_warmup_epochs 60   ZILN-NLL 0.2494  KL 0.0002  beta_t 0.4118
2026-03-26 14:34:37 | [80/150] kl_warmup_epochs 60   ZILN-NLL 0.2470  KL 0.0002  beta_t 0.4118
2026-03-26 14:34:46 | [90/150] kl_warmup_epochs 60   ZILN-NLL 0.2452  KL 0.0003  beta_t 0.4118
2026-03-26 14:34:54 | [100/150] kl_warmup_epochs 60   ZILN-NLL 0.2441  KL 0.0003  beta_t 0.4118
2026-03-26 14:35:03 | [110/150] kl_warmup_epochs 60   ZILN-NLL 0.2445  KL 0.0004  beta_t 0.4118
2026-03-26 14:35:12 | [120/150] kl_warmup_epochs 60   ZILN-NLL 0.2409  KL 0.0005  beta_t 0.4118
2026-03-26 14:35:21 | [130/150] kl_warmup_epochs 60   ZILN-NLL 0.2412  KL 0.0005  beta_t 0.4118
2026-03-26 14:35:29 | [140/150] kl_warmup_epochs 60   ZILN-NLL 0.2403  KL 0.0006  beta_t 0.4118
2026-03-26 14:35:38 | [150/150] kl_warmup_epochs 60   ZILN-NLL 0.2398  KL 0.0007  beta_t 0.4118
2026-03-26 14:35:39 | [10/100] kl_warmup_epochs 40   ZILN-NLL 1.0763  KL 0.0237  beta_t 0.1819
2026-03-26 14:35:41 | [20/100] kl_warmup_epochs 40   ZILN-NLL 1.0322  KL 0.0575  beta_t 0.3638
2026-03-26 14:35:43 | [30/100] kl_warmup_epochs 40   ZILN-NLL 1.0028  KL 0.0570  beta_t 0.5456
2026-03-26 14:35:44 | [40/100] kl_warmup_epochs 40   ZILN-NLL 0.9928  KL 0.0544  beta_t 0.7275
2026-03-26 14:35:46 | [50/100] kl_warmup_epochs 40   ZILN-NLL 0.9215  KL 0.0626  beta_t 0.7275
2026-03-26 14:35:47 | [60/100] kl_warmup_epochs 40   ZILN-NLL 0.9191  KL 0.0675  beta_t 0.7275
2026-03-26 14:35:49 | [70/100] kl_warmup_epochs 40   ZILN-NLL 0.9169  KL 0.0682  beta_t 0.7275
2026-03-26 14:35:50 | [80/100] kl_warmup_epochs 40   ZILN-NLL 0.8666  KL 0.0767  beta_t 0.7275
2026-03-26 14:35:52 | [90/100] kl_warmup_epochs 40   ZILN-NLL 0.8795  KL 0.0720  beta_t 0.7275
2026-03-26 14:35:54 | [100/100] kl_warmup_epochs 40   ZILN-NLL 0.8744  KL 0.0747  beta_t 0.7275
2026-03-26 14:36:00 | [10/100] kl_warmup_epochs 43   ZILN-NLL 1397278388.3828  KL 0.0357  beta_t 0.1671
2026-03-26 14:36:07 | [20/100] kl_warmup_epochs 43   ZILN-NLL 1.8315  KL 1.9052  beta_t 0.3343
2026-03-26 14:36:13 | [30/100] kl_warmup_epochs 43   ZILN-NLL 1.4502  KL 0.9149  beta_t 0.5014
2026-03-26 14:36:20 | [40/100] kl_warmup_epochs 43   ZILN-NLL 1.3903  KL 0.6425  beta_t 0.6686
2026-03-26 14:36:26 | [50/100] kl_warmup_epochs 43   ZILN-NLL 1.4706  KL 0.5121  beta_t 0.7187
2026-03-26 14:36:32 | [60/100] kl_warmup_epochs 43   ZILN-NLL 1.4656  KL 0.4344  beta_t 0.7187
2026-03-26 14:36:39 | [70/100] kl_warmup_epochs 43   ZILN-NLL 1.3225  KL 0.3698  beta_t 0.7187
2026-03-26 14:36:45 | [80/100] kl_warmup_epochs 43   ZILN-NLL 1.2735  KL 0.3114  beta_t 0.7187
2026-03-26 14:36:52 | [90/100] kl_warmup_epochs 43   ZILN-NLL 1.2128  KL 0.2604  beta_t 0.7187
2026-03-26 14:36:58 | [100/100] kl_warmup_epochs 43   ZILN-NLL 1.2057  KL 0.2162  beta_t 0.7187
2026-03-26 14:36:59 | [10/80] kl_warmup_epochs 40   ZILN-NLL 1.1308  KL 2.2363  beta_t 0.0056
2026-03-26 14:37:00 | [20/80] kl_warmup_epochs 40   ZILN-NLL 0.9829  KL 1.4989  beta_t 0.0111
2026-03-26 14:37:00 | [30/80] kl_warmup_epochs 40   ZILN-NLL 0.9252  KL 1.3131  beta_t 0.0167
2026-03-26 14:37:01 | [40/80] kl_warmup_epochs 40   ZILN-NLL 0.8971  KL 1.1192  beta_t 0.0222
2026-03-26 14:37:02 | [50/80] kl_warmup_epochs 40   ZILN-NLL 0.8674  KL 1.0617  beta_t 0.0222
2026-03-26 14:37:03 | [60/80] kl_warmup_epochs 40   ZILN-NLL 0.8611  KL 1.0559  beta_t 0.0222
2026-03-26 14:37:04 | [70/80] kl_warmup_epochs 40   ZILN-NLL 0.8545  KL 1.1078  beta_t 0.0222
2026-03-26 14:37:05 | [80/80] kl_warmup_epochs 40   ZILN-NLL 0.8375  KL 1.0541  beta_t 0.0222
2026-03-26 14:37:13 | [10/100] kl_warmup_epochs 62   ZILN-NLL 0.8433  KL 0.1278  beta_t 0.0064
2026-03-26 14:37:20 | [20/100] kl_warmup_epochs 62   ZILN-NLL 0.7331  KL 0.2420  beta_t 0.0127
2026-03-26 14:37:27 | [30/100] kl_warmup_epochs 62   ZILN-NLL 0.6690  KL 0.3720  beta_t 0.0191
2026-03-26 14:37:34 | [40/100] kl_warmup_epochs 62   ZILN-NLL 0.6292  KL 0.4586  beta_t 0.0255
2026-03-26 14:37:41 | [50/100] kl_warmup_epochs 62   ZILN-NLL 0.6162  KL 0.3699  beta_t 0.0319
2026-03-26 14:37:48 | [60/100] kl_warmup_epochs 62   ZILN-NLL 0.6099  KL 0.2644  beta_t 0.0382
2026-03-26 14:37:55 | [70/100] kl_warmup_epochs 62   ZILN-NLL 0.6079  KL 0.2060  beta_t 0.0395
2026-03-26 14:38:02 | [80/100] kl_warmup_epochs 62   ZILN-NLL 0.6063  KL 0.1799  beta_t 0.0395
2026-03-26 14:38:09 | [90/100] kl_warmup_epochs 62   ZILN-NLL 0.6073  KL 0.1699  beta_t 0.0395
2026-03-26 14:38:16 | [100/100] kl_warmup_epochs 62   ZILN-NLL 0.6046  KL 0.1686  beta_t 0.0395
2026-03-26 14:38:19 | [10/150] kl_warmup_epochs 47   ZILN-NLL 9.2928  KL 1.4769  beta_t 0.0818
2026-03-26 14:38:21 | [20/150] kl_warmup_epochs 47   ZILN-NLL 0.8656  KL 0.7238  beta_t 0.1637
2026-03-26 14:38:23 | [30/150] kl_warmup_epochs 47   ZILN-NLL 0.7686  KL 0.3816  beta_t 0.2455
2026-03-26 14:38:25 | [40/150] kl_warmup_epochs 47   ZILN-NLL 0.7565  KL 0.2274  beta_t 0.3273
2026-03-26 14:38:27 | [50/150] kl_warmup_epochs 47   ZILN-NLL 0.6894  KL 0.1545  beta_t 0.3846
2026-03-26 14:38:29 | [60/150] kl_warmup_epochs 47   ZILN-NLL 0.7158  KL 0.1154  beta_t 0.3846
2026-03-26 14:38:32 | [70/150] kl_warmup_epochs 47   ZILN-NLL 0.6576  KL 0.1129  beta_t 0.3846
2026-03-26 14:38:34 | [80/150] kl_warmup_epochs 47   ZILN-NLL 0.6393  KL 0.0907  beta_t 0.3846
2026-03-26 14:38:36 | [90/150] kl_warmup_epochs 47   ZILN-NLL 0.6272  KL 0.0854  beta_t 0.3846
2026-03-26 14:38:38 | [100/150] kl_warmup_epochs 47   ZILN-NLL 0.6152  KL 0.0877  beta_t 0.3846
2026-03-26 14:38:40 | [110/150] kl_warmup_epochs 47   ZILN-NLL 0.6118  KL 0.0748  beta_t 0.3846
2026-03-26 14:38:42 | [120/150] kl_warmup_epochs 47   ZILN-NLL 0.6154  KL 0.0835  beta_t 0.3846
2026-03-26 14:38:45 | [130/150] kl_warmup_epochs 47   ZILN-NLL 0.6050  KL 0.0750  beta_t 0.3846
2026-03-26 14:38:47 | [140/150] kl_warmup_epochs 47   ZILN-NLL 0.5972  KL 0.0790  beta_t 0.3846
2026-03-26 14:38:49 | [150/150] kl_warmup_epochs 47   ZILN-NLL 0.5996  KL 0.0782  beta_t 0.3846
2026-03-26 14:39:10 | [10/150] kl_warmup_epochs 70   ZILN-NLL 0.2881  KL 0.2144  beta_t 0.0921
2026-03-26 14:39:30 | [20/150] kl_warmup_epochs 70   ZILN-NLL 0.2577  KL 0.0436  beta_t 0.1842
2026-03-26 14:39:51 | [30/150] kl_warmup_epochs 70   ZILN-NLL 0.2536  KL 0.0143  beta_t 0.2763
2026-03-26 14:40:11 | [40/150] kl_warmup_epochs 70   ZILN-NLL 0.2411  KL 0.0065  beta_t 0.3684
2026-03-26 14:40:33 | [50/150] kl_warmup_epochs 70   ZILN-NLL 0.2442  KL 0.0032  beta_t 0.4605
2026-03-26 14:40:56 | [60/150] kl_warmup_epochs 70   ZILN-NLL 0.2372  KL 0.0015  beta_t 0.5526
2026-03-26 14:41:21 | [70/150] kl_warmup_epochs 70   ZILN-NLL 0.2471  KL 0.0008  beta_t 0.6447
2026-03-26 14:41:44 | [80/150] kl_warmup_epochs 70   ZILN-NLL 0.2386  KL 0.0005  beta_t 0.6447
2026-03-26 14:42:09 | [90/150] kl_warmup_epochs 70   ZILN-NLL 0.2438  KL 0.0003  beta_t 0.6447
2026-03-26 14:42:34 | [100/150] kl_warmup_epochs 70   ZILN-NLL 0.2453  KL 0.0002  beta_t 0.6447
2026-03-26 14:43:00 | [110/150] kl_warmup_epochs 70   ZILN-NLL 0.2392  KL 0.0001  beta_t 0.6447
2026-03-26 14:43:25 | [120/150] kl_warmup_epochs 70   ZILN-NLL 0.2398  KL 0.0001  beta_t 0.6447
2026-03-26 14:43:49 | [130/150] kl_warmup_epochs 70   ZILN-NLL 0.2474  KL 0.0001  beta_t 0.6447
2026-03-26 14:44:12 | [140/150] kl_warmup_epochs 70   ZILN-NLL 0.2396  KL 0.0001  beta_t 0.6447
2026-03-26 14:44:34 | [150/150] kl_warmup_epochs 70   ZILN-NLL 0.2364  KL 0.0001  beta_t 0.6447
2026-03-26 14:44:36 | [10/80] kl_warmup_epochs 51   ZILN-NLL 4035700.4679  KL 0.0006  beta_t 0.0977
2026-03-26 14:44:37 | [20/80] kl_warmup_epochs 51   ZILN-NLL 59230.4760  KL 0.0009  beta_t 0.1954
2026-03-26 14:44:39 | [30/80] kl_warmup_epochs 51   ZILN-NLL 8785.9294  KL 0.0014  beta_t 0.2932
2026-03-26 14:44:40 | [40/80] kl_warmup_epochs 51   ZILN-NLL 4373.5144  KL 0.0023  beta_t 0.3909
2026-03-26 14:44:42 | [50/80] kl_warmup_epochs 51   ZILN-NLL 3410.7725  KL 0.0039  beta_t 0.4886
2026-03-26 14:44:43 | [60/80] kl_warmup_epochs 51   ZILN-NLL 1865.2626  KL 0.0063  beta_t 0.4984
2026-03-26 14:44:45 | [70/80] kl_warmup_epochs 51   ZILN-NLL 985.3218  KL 0.0104  beta_t 0.4984
2026-03-26 14:44:46 | [80/80] kl_warmup_epochs 51   ZILN-NLL 1136.1056  KL 0.0166  beta_t 0.4984
2026-03-26 14:44:49 | [10/80] kl_warmup_epochs 18   ZILN-NLL 1.4972  KL 0.1385  beta_t 0.1322
2026-03-26 14:44:51 | [20/80] kl_warmup_epochs 18   ZILN-NLL 0.4688  KL 0.3980  beta_t 0.2379
2026-03-26 14:44:53 | [30/80] kl_warmup_epochs 18   ZILN-NLL 0.4704  KL 0.3223  beta_t 0.2379
2026-03-26 14:44:55 | [40/80] kl_warmup_epochs 18   ZILN-NLL 0.4417  KL 0.2894  beta_t 0.2379
2026-03-26 14:44:58 | [50/80] kl_warmup_epochs 18   ZILN-NLL 0.4306  KL 0.2729  beta_t 0.2379
2026-03-26 14:45:00 | [60/80] kl_warmup_epochs 18   ZILN-NLL 0.4241  KL 0.2571  beta_t 0.2379
2026-03-26 14:45:02 | [70/80] kl_warmup_epochs 18   ZILN-NLL 0.4148  KL 0.2457  beta_t 0.2379
2026-03-26 14:45:05 | [80/80] kl_warmup_epochs 18   ZILN-NLL 0.4041  KL 0.2396  beta_t 0.2379
2026-03-26 14:45:08 | [10/100] kl_warmup_epochs 59   ZILN-NLL 6107.4473  KL 0.0026  beta_t 0.0968
2026-03-26 14:45:10 | [20/100] kl_warmup_epochs 59   ZILN-NLL 684.2110  KL 0.0299  beta_t 0.1936
2026-03-26 14:45:12 | [30/100] kl_warmup_epochs 59   ZILN-NLL 24.3817  KL 0.2566  beta_t 0.2904
2026-03-26 14:45:14 | [40/100] kl_warmup_epochs 59   ZILN-NLL 1.1207  KL 0.8265  beta_t 0.3872
2026-03-26 14:45:16 | [50/100] kl_warmup_epochs 59   ZILN-NLL 1.0416  KL 0.6788  beta_t 0.4839
2026-03-26 14:45:19 | [60/100] kl_warmup_epochs 59   ZILN-NLL 1.0248  KL 0.5422  beta_t 0.5711
2026-03-26 14:45:21 | [70/100] kl_warmup_epochs 59   ZILN-NLL 1.0227  KL 0.4519  beta_t 0.5711
2026-03-26 14:45:23 | [80/100] kl_warmup_epochs 59   ZILN-NLL 1.0090  KL 0.4015  beta_t 0.5711
2026-03-26 14:45:25 | [90/100] kl_warmup_epochs 59   ZILN-NLL 0.9999  KL 0.3666  beta_t 0.5711
2026-03-26 14:45:27 | [100/100] kl_warmup_epochs 59   ZILN-NLL 0.9878  KL 0.3400  beta_t 0.5711
2026-03-26 14:45:34 | [10/80] kl_warmup_epochs 58   ZILN-NLL 0.4299  KL 1.0353  beta_t 0.0376
2026-03-26 14:45:41 | [20/80] kl_warmup_epochs 58   ZILN-NLL 0.3916  KL 0.4190  beta_t 0.0752
2026-03-26 14:45:47 | [30/80] kl_warmup_epochs 58   ZILN-NLL 0.3767  KL 0.2159  beta_t 0.1128
2026-03-26 14:45:54 | [40/80] kl_warmup_epochs 58   ZILN-NLL 0.3637  KL 0.1356  beta_t 0.1503
2026-03-26 14:46:00 | [50/80] kl_warmup_epochs 58   ZILN-NLL 0.3539  KL 0.0918  beta_t 0.1879
2026-03-26 14:46:07 | [60/80] kl_warmup_epochs 58   ZILN-NLL 0.3485  KL 0.0722  beta_t 0.2180
2026-03-26 14:46:13 | [70/80] kl_warmup_epochs 58   ZILN-NLL 0.3461  KL 0.0614  beta_t 0.2180
2026-03-26 14:46:20 | [80/80] kl_warmup_epochs 58   ZILN-NLL 0.3409  KL 0.0539  beta_t 0.2180
2026-03-26 14:46:26 | [10/100] kl_warmup_epochs 53   ZILN-NLL 0.3172  KL 0.3745  beta_t 0.0682
2026-03-26 14:46:32 | [20/100] kl_warmup_epochs 53   ZILN-NLL 0.3052  KL 0.2387  beta_t 0.1364
2026-03-26 14:46:39 | [30/100] kl_warmup_epochs 53   ZILN-NLL 0.3030  KL 0.1696  beta_t 0.2047
2026-03-26 14:46:45 | [40/100] kl_warmup_epochs 53   ZILN-NLL 0.3067  KL 0.1264  beta_t 0.2729
2026-03-26 14:46:51 | [50/100] kl_warmup_epochs 53   ZILN-NLL 0.3035  KL 0.1010  beta_t 0.3411
2026-03-26 14:46:57 | [60/100] kl_warmup_epochs 53   ZILN-NLL 0.3023  KL 0.0893  beta_t 0.3616
2026-03-26 14:47:03 | [70/100] kl_warmup_epochs 53   ZILN-NLL 0.3021  KL 0.0861  beta_t 0.3616
2026-03-26 14:47:10 | [80/100] kl_warmup_epochs 53   ZILN-NLL 0.2973  KL 0.0836  beta_t 0.3616
2026-03-26 14:47:16 | [90/100] kl_warmup_epochs 53   ZILN-NLL 0.2947  KL 0.0865  beta_t 0.3616
2026-03-26 14:47:22 | [100/100] kl_warmup_epochs 53   ZILN-NLL 0.2911  KL 0.0800  beta_t 0.3616
2026-03-26 14:47:26 | [10/80] kl_warmup_epochs 56   ZILN-NLL 4.8453  KL 1.0430  beta_t 0.0945
2026-03-26 14:47:29 | [20/80] kl_warmup_epochs 56   ZILN-NLL 1.2252  KL 0.9743  beta_t 0.1890
2026-03-26 14:47:32 | [30/80] kl_warmup_epochs 56   ZILN-NLL 1.0959  KL 0.4773  beta_t 0.2835
2026-03-26 14:47:36 | [40/80] kl_warmup_epochs 56   ZILN-NLL 1.0448  KL 0.3306  beta_t 0.3780
2026-03-26 14:47:39 | [50/80] kl_warmup_epochs 56   ZILN-NLL 0.9875  KL 0.2397  beta_t 0.4725
2026-03-26 14:47:42 | [60/80] kl_warmup_epochs 56   ZILN-NLL 0.9547  KL 0.1811  beta_t 0.5292
2026-03-26 14:47:46 | [70/80] kl_warmup_epochs 56   ZILN-NLL 0.9255  KL 0.1430  beta_t 0.5292
2026-03-26 14:47:49 | [80/80] kl_warmup_epochs 56   ZILN-NLL 0.9014  KL 0.1182  beta_t 0.5292
2026-03-26 14:47:52 | [10/100] kl_warmup_epochs 57   ZILN-NLL 8708.7221  KL 0.0035  beta_t 0.0219
2026-03-26 14:47:55 | [20/100] kl_warmup_epochs 57   ZILN-NLL 163.3215  KL 0.0579  beta_t 0.0437
2026-03-26 14:47:57 | [30/100] kl_warmup_epochs 57   ZILN-NLL 1.1544  KL 0.6935  beta_t 0.0656
2026-03-26 14:48:00 | [40/100] kl_warmup_epochs 57   ZILN-NLL 0.9603  KL 0.8173  beta_t 0.0875
2026-03-26 14:48:02 | [50/100] kl_warmup_epochs 57   ZILN-NLL 0.9086  KL 0.8549  beta_t 0.1094
2026-03-26 14:48:05 | [60/100] kl_warmup_epochs 57   ZILN-NLL 0.8766  KL 0.8534  beta_t 0.1247
2026-03-26 14:48:08 | [70/100] kl_warmup_epochs 57   ZILN-NLL 0.8620  KL 0.8446  beta_t 0.1247
2026-03-26 14:48:10 | [80/100] kl_warmup_epochs 57   ZILN-NLL 0.8513  KL 0.8298  beta_t 0.1247
2026-03-26 14:48:13 | [90/100] kl_warmup_epochs 57   ZILN-NLL 0.8417  KL 0.8124  beta_t 0.1247
2026-03-26 14:48:15 | [100/100] kl_warmup_epochs 57   ZILN-NLL 0.8309  KL 0.7940  beta_t 0.1247
2026-03-26 14:48:19 | [10/80] kl_warmup_epochs 26   ZILN-NLL 0.9241  KL 0.7142  beta_t 0.3072
2026-03-26 14:48:23 | [20/80] kl_warmup_epochs 26   ZILN-NLL 0.5470  KL 0.2680  beta_t 0.6144
2026-03-26 14:48:26 | [30/80] kl_warmup_epochs 26   ZILN-NLL 0.5071  KL 0.1497  beta_t 0.7988
2026-03-26 14:48:30 | [40/80] kl_warmup_epochs 26   ZILN-NLL 0.4820  KL 0.1008  beta_t 0.7988
2026-03-26 14:48:33 | [50/80] kl_warmup_epochs 26   ZILN-NLL 0.4469  KL 0.0475  beta_t 0.7988
2026-03-26 14:48:36 | [60/80] kl_warmup_epochs 26   ZILN-NLL 0.4044  KL 0.0254  beta_t 0.7988
2026-03-26 14:48:40 | [70/80] kl_warmup_epochs 26   ZILN-NLL 0.3779  KL 0.0193  beta_t 0.7988
2026-03-26 14:48:43 | [80/80] kl_warmup_epochs 26   ZILN-NLL 0.3617  KL 0.0148  beta_t 0.7988
2026-03-26 14:48:51 | [10/100] kl_warmup_epochs 71   ZILN-NLL 199.2348  KL 1.7783  beta_t 0.0429
2026-03-26 14:48:58 | [20/100] kl_warmup_epochs 71   ZILN-NLL 22.0531  KL 1.7718  beta_t 0.0858
2026-03-26 14:49:06 | [30/100] kl_warmup_epochs 71   ZILN-NLL 3.4153  KL 1.9654  beta_t 0.1286
2026-03-26 14:49:13 | [40/100] kl_warmup_epochs 71   ZILN-NLL 0.6321  KL 1.4278  beta_t 0.1715
2026-03-26 14:49:20 | [50/100] kl_warmup_epochs 71   ZILN-NLL 0.5070  KL 0.7718  beta_t 0.2144
2026-03-26 14:49:28 | [60/100] kl_warmup_epochs 71   ZILN-NLL 0.4786  KL 0.5467  beta_t 0.2573
2026-03-26 14:49:35 | [70/100] kl_warmup_epochs 71   ZILN-NLL 0.4610  KL 0.4057  beta_t 0.3001
2026-03-26 14:49:43 | [80/100] kl_warmup_epochs 71   ZILN-NLL 0.4441  KL 0.3173  beta_t 0.3044
2026-03-26 14:49:50 | [90/100] kl_warmup_epochs 71   ZILN-NLL 0.4363  KL 0.2605  beta_t 0.3044
2026-03-26 14:49:58 | [100/100] kl_warmup_epochs 71   ZILN-NLL 0.4257  KL 0.2188  beta_t 0.3044
2026-03-26 14:50:00 | [10/150] kl_warmup_epochs 97   ZILN-NLL 7.1249  KL 0.0004  beta_t 0.0466
2026-03-26 14:50:01 | [20/150] kl_warmup_epochs 97   ZILN-NLL 6.8190  KL 0.0013  beta_t 0.0933
2026-03-26 14:50:03 | [30/150] kl_warmup_epochs 97   ZILN-NLL 6.5391  KL 0.0040  beta_t 0.1399
2026-03-26 14:50:05 | [40/150] kl_warmup_epochs 97   ZILN-NLL 6.2042  KL 0.0131  beta_t 0.1865
2026-03-26 14:50:07 | [50/150] kl_warmup_epochs 97   ZILN-NLL 5.3106  KL 0.0337  beta_t 0.2332
2026-03-26 14:50:09 | [60/150] kl_warmup_epochs 97   ZILN-NLL 4.2949  KL 0.0704  beta_t 0.2798
2026-03-26 14:50:11 | [70/150] kl_warmup_epochs 97   ZILN-NLL 3.0013  KL 0.1271  beta_t 0.3264
2026-03-26 14:50:12 | [80/150] kl_warmup_epochs 97   ZILN-NLL 1.9532  KL 0.2035  beta_t 0.3731
2026-03-26 14:50:14 | [90/150] kl_warmup_epochs 97   ZILN-NLL 1.3430  KL 0.2934  beta_t 0.4197
2026-03-26 14:50:16 | [100/150] kl_warmup_epochs 97   ZILN-NLL 1.1726  KL 0.3392  beta_t 0.4523
2026-03-26 14:50:18 | [110/150] kl_warmup_epochs 97   ZILN-NLL 1.1287  KL 0.3535  beta_t 0.4523
2026-03-26 14:50:20 | [120/150] kl_warmup_epochs 97   ZILN-NLL 1.1107  KL 0.3521  beta_t 0.4523
2026-03-26 14:50:22 | [130/150] kl_warmup_epochs 97   ZILN-NLL 1.0978  KL 0.3453  beta_t 0.4523
2026-03-26 14:50:24 | [140/150] kl_warmup_epochs 97   ZILN-NLL 1.0832  KL 0.3338  beta_t 0.4523
2026-03-26 14:50:26 | [150/150] kl_warmup_epochs 97   ZILN-NLL 1.0778  KL 0.3236  beta_t 0.4523
2026-03-26 14:50:31 | [10/80] kl_warmup_epochs 16   ZILN-NLL 1.1514  KL 0.5076  beta_t 0.3849
2026-03-26 14:50:35 | [20/80] kl_warmup_epochs 16   ZILN-NLL 1.0014  KL 0.1432  beta_t 0.6159
2026-03-26 14:50:40 | [30/80] kl_warmup_epochs 16   ZILN-NLL 0.9209  KL 0.1043  beta_t 0.6159
2026-03-26 14:50:44 | [40/80] kl_warmup_epochs 16   ZILN-NLL 0.8832  KL 0.0882  beta_t 0.6159
2026-03-26 14:50:49 | [50/80] kl_warmup_epochs 16   ZILN-NLL 0.8639  KL 0.0862  beta_t 0.6159
2026-03-26 14:50:54 | [60/80] kl_warmup_epochs 16   ZILN-NLL 0.8463  KL 0.0854  beta_t 0.6159
2026-03-26 14:50:59 | [70/80] kl_warmup_epochs 16   ZILN-NLL 0.8335  KL 0.0823  beta_t 0.6159
2026-03-26 14:51:03 | [80/80] kl_warmup_epochs 16   ZILN-NLL 0.8285  KL 0.0830  beta_t 0.6159
2026-03-26 14:51:12 | [10/150] kl_warmup_epochs 54   ZILN-NLL 0.3465  KL 0.1972  beta_t 0.0847
2026-03-26 14:51:20 | [20/150] kl_warmup_epochs 54   ZILN-NLL 0.3061  KL 0.0915  beta_t 0.1694
