2026-03-26 14:55:43 | 로그 저장 경로: /DATA/WGS_study/YSL/projects/latentgee/examples/logs/latentgee_prototype_cutoff_multi_2026-03-26(5).log
2026-03-26 14:55:43 | LatentGEE prototype 시작
2026-03-26 14:55:43 | python == 3.10.20
2026-03-26 14:55:43 | torch == 2.2.2
2026-03-26 14:55:43 | numpy == 1.26.4
2026-03-26 14:55:43 | scikit-learn == 1.7.2
2026-03-26 14:55:43 | optuna == 3.6.1
2026-03-26 14:55:43 | hdbscan == 0.8.41
2026-03-26 14:57:23 | [10/80] kl_warmup_epochs 37   ZILN-NLL 2.6325  KL 0.4725  beta_t 0.1539
2026-03-26 14:57:26 | [20/80] kl_warmup_epochs 37   ZILN-NLL 1.6346  KL 0.3405  beta_t 0.3078
2026-03-26 14:57:29 | [30/80] kl_warmup_epochs 37   ZILN-NLL 0.9768  KL 0.2632  beta_t 0.4617
2026-03-26 14:57:33 | [40/80] kl_warmup_epochs 37   ZILN-NLL 0.6920  KL 0.2103  beta_t 0.5694
2026-03-26 14:57:36 | [50/80] kl_warmup_epochs 37   ZILN-NLL 0.5768  KL 0.1773  beta_t 0.5694
2026-03-26 14:57:39 | [60/80] kl_warmup_epochs 37   ZILN-NLL 0.5308  KL 0.1547  beta_t 0.5694
2026-03-26 14:57:42 | [70/80] kl_warmup_epochs 37   ZILN-NLL 0.5015  KL 0.1348  beta_t 0.5694
2026-03-26 14:57:46 | [80/80] kl_warmup_epochs 37   ZILN-NLL 0.4849  KL 0.1232  beta_t 0.5694
2026-03-26 14:57:46 | Trial 0 | eval ValueError: operands could not be broadcast together with shapes (19,) (11,) 
2026-03-26 14:57:46 | New best trial 0 | r2=1.0000
2026-03-26 14:57:52 | [10/100] kl_warmup_epochs 63   ZILN-NLL 0.9929  KL 4.6341  beta_t 0.0127
2026-03-26 14:57:57 | [20/100] kl_warmup_epochs 63   ZILN-NLL 0.8851  KL 2.7407  beta_t 0.0254
2026-03-26 14:58:03 | [30/100] kl_warmup_epochs 63   ZILN-NLL 0.8262  KL 1.9680  beta_t 0.0381
2026-03-26 14:58:08 | [40/100] kl_warmup_epochs 63   ZILN-NLL 0.7899  KL 1.5455  beta_t 0.0507
2026-03-26 14:58:13 | [50/100] kl_warmup_epochs 63   ZILN-NLL 0.7629  KL 1.2363  beta_t 0.0634
2026-03-26 14:58:19 | [60/100] kl_warmup_epochs 63   ZILN-NLL 0.7490  KL 1.0447  beta_t 0.0761
2026-03-26 14:58:24 | [70/100] kl_warmup_epochs 63   ZILN-NLL 0.7281  KL 0.9578  beta_t 0.0799
2026-03-26 14:58:30 | [80/100] kl_warmup_epochs 63   ZILN-NLL 0.7133  KL 0.8845  beta_t 0.0799
2026-03-26 14:58:35 | [90/100] kl_warmup_epochs 63   ZILN-NLL 0.6970  KL 0.8540  beta_t 0.0799
2026-03-26 14:58:40 | [100/100] kl_warmup_epochs 63   ZILN-NLL 0.6898  KL 0.8251  beta_t 0.0799
2026-03-26 14:58:41 | Trial 1 | eval ValueError: no. of valid cluster < 2
2026-03-26 14:58:50 | [10/150] kl_warmup_epochs 60   ZILN-NLL 0.3376  KL 0.2232  beta_t 0.0686
2026-03-26 14:58:59 | [20/150] kl_warmup_epochs 60   ZILN-NLL 0.3031  KL 0.1003  beta_t 0.1373
2026-03-26 14:59:08 | [30/150] kl_warmup_epochs 60   ZILN-NLL 0.2841  KL 0.0368  beta_t 0.2059
2026-03-26 14:59:17 | [40/150] kl_warmup_epochs 60   ZILN-NLL 0.2686  KL 0.0119  beta_t 0.2745
2026-03-26 14:59:26 | [50/150] kl_warmup_epochs 60   ZILN-NLL 0.2600  KL 0.0031  beta_t 0.3431
2026-03-26 14:59:35 | [60/150] kl_warmup_epochs 60   ZILN-NLL 0.2533  KL 0.0007  beta_t 0.4118
2026-03-26 14:59:44 | [70/150] kl_warmup_epochs 60   ZILN-NLL 0.2494  KL 0.0002  beta_t 0.4118
2026-03-26 14:59:53 | [80/150] kl_warmup_epochs 60   ZILN-NLL 0.2470  KL 0.0002  beta_t 0.4118
2026-03-26 15:00:03 | [90/150] kl_warmup_epochs 60   ZILN-NLL 0.2452  KL 0.0003  beta_t 0.4118
2026-03-26 15:00:12 | [100/150] kl_warmup_epochs 60   ZILN-NLL 0.2441  KL 0.0003  beta_t 0.4118
2026-03-26 15:00:21 | [110/150] kl_warmup_epochs 60   ZILN-NLL 0.2445  KL 0.0004  beta_t 0.4118
2026-03-26 15:00:29 | [120/150] kl_warmup_epochs 60   ZILN-NLL 0.2409  KL 0.0005  beta_t 0.4118
2026-03-26 15:00:38 | [130/150] kl_warmup_epochs 60   ZILN-NLL 0.2412  KL 0.0005  beta_t 0.4118
2026-03-26 15:00:47 | [140/150] kl_warmup_epochs 60   ZILN-NLL 0.2403  KL 0.0006  beta_t 0.4118
2026-03-26 15:00:55 | [150/150] kl_warmup_epochs 60   ZILN-NLL 0.2398  KL 0.0007  beta_t 0.4118
2026-03-26 15:00:55 | Trial 2 | eval ValueError: no. of valid cluster < 2
2026-03-26 15:00:57 | [10/100] kl_warmup_epochs 40   ZILN-NLL 1.0763  KL 0.0237  beta_t 0.1819
2026-03-26 15:00:59 | [20/100] kl_warmup_epochs 40   ZILN-NLL 1.0322  KL 0.0575  beta_t 0.3638
2026-03-26 15:01:00 | [30/100] kl_warmup_epochs 40   ZILN-NLL 1.0028  KL 0.0570  beta_t 0.5456
2026-03-26 15:01:02 | [40/100] kl_warmup_epochs 40   ZILN-NLL 0.9928  KL 0.0544  beta_t 0.7275
2026-03-26 15:01:03 | [50/100] kl_warmup_epochs 40   ZILN-NLL 0.9215  KL 0.0626  beta_t 0.7275
2026-03-26 15:01:05 | [60/100] kl_warmup_epochs 40   ZILN-NLL 0.9191  KL 0.0675  beta_t 0.7275
2026-03-26 15:01:07 | [70/100] kl_warmup_epochs 40   ZILN-NLL 0.9169  KL 0.0682  beta_t 0.7275
2026-03-26 15:01:08 | [80/100] kl_warmup_epochs 40   ZILN-NLL 0.8666  KL 0.0767  beta_t 0.7275
2026-03-26 15:01:10 | [90/100] kl_warmup_epochs 40   ZILN-NLL 0.8795  KL 0.0720  beta_t 0.7275
2026-03-26 15:01:12 | [100/100] kl_warmup_epochs 40   ZILN-NLL 0.8744  KL 0.0747  beta_t 0.7275
2026-03-26 15:01:12 | Trial 3 | eval ValueError: no. of valid cluster < 2
2026-03-26 15:01:18 | [10/100] kl_warmup_epochs 43   ZILN-NLL 1397278388.3828  KL 0.0357  beta_t 0.1671
2026-03-26 15:01:25 | [20/100] kl_warmup_epochs 43   ZILN-NLL 1.8315  KL 1.9052  beta_t 0.3343
2026-03-26 15:01:32 | [30/100] kl_warmup_epochs 43   ZILN-NLL 1.4502  KL 0.9149  beta_t 0.5014
2026-03-26 15:01:38 | [40/100] kl_warmup_epochs 43   ZILN-NLL 1.3903  KL 0.6425  beta_t 0.6686
2026-03-26 15:01:45 | [50/100] kl_warmup_epochs 43   ZILN-NLL 1.4706  KL 0.5121  beta_t 0.7187
2026-03-26 15:01:52 | [60/100] kl_warmup_epochs 43   ZILN-NLL 1.4656  KL 0.4344  beta_t 0.7187
2026-03-26 15:01:58 | [70/100] kl_warmup_epochs 43   ZILN-NLL 1.3225  KL 0.3698  beta_t 0.7187
2026-03-26 15:02:05 | [80/100] kl_warmup_epochs 43   ZILN-NLL 1.2735  KL 0.3114  beta_t 0.7187
2026-03-26 15:02:12 | [90/100] kl_warmup_epochs 43   ZILN-NLL 1.2128  KL 0.2604  beta_t 0.7187
2026-03-26 15:02:18 | [100/100] kl_warmup_epochs 43   ZILN-NLL 1.2057  KL 0.2162  beta_t 0.7187
2026-03-26 15:02:18 | Trial 4 | eval ValueError: no. of valid cluster < 2
2026-03-26 15:02:19 | [10/80] kl_warmup_epochs 40   ZILN-NLL 1.1308  KL 2.2363  beta_t 0.0056
2026-03-26 15:02:20 | [20/80] kl_warmup_epochs 40   ZILN-NLL 0.9829  KL 1.4989  beta_t 0.0111
2026-03-26 15:02:21 | [30/80] kl_warmup_epochs 40   ZILN-NLL 0.9252  KL 1.3131  beta_t 0.0167
2026-03-26 15:02:22 | [40/80] kl_warmup_epochs 40   ZILN-NLL 0.8971  KL 1.1192  beta_t 0.0222
2026-03-26 15:02:22 | [50/80] kl_warmup_epochs 40   ZILN-NLL 0.8674  KL 1.0617  beta_t 0.0222
2026-03-26 15:02:23 | [60/80] kl_warmup_epochs 40   ZILN-NLL 0.8611  KL 1.0559  beta_t 0.0222
2026-03-26 15:02:24 | [70/80] kl_warmup_epochs 40   ZILN-NLL 0.8545  KL 1.1078  beta_t 0.0222
2026-03-26 15:02:25 | [80/80] kl_warmup_epochs 40   ZILN-NLL 0.8375  KL 1.0541  beta_t 0.0222
2026-03-26 15:02:25 | Trial 5 | eval ValueError: operands could not be broadcast together with shapes (326,) (178,) 
2026-03-26 15:02:33 | [10/100] kl_warmup_epochs 62   ZILN-NLL 0.8433  KL 0.1278  beta_t 0.0064
2026-03-26 15:02:40 | [20/100] kl_warmup_epochs 62   ZILN-NLL 0.7331  KL 0.2420  beta_t 0.0127
2026-03-26 15:02:47 | [30/100] kl_warmup_epochs 62   ZILN-NLL 0.6690  KL 0.3720  beta_t 0.0191
2026-03-26 15:02:55 | [40/100] kl_warmup_epochs 62   ZILN-NLL 0.6292  KL 0.4586  beta_t 0.0255
2026-03-26 15:03:02 | [50/100] kl_warmup_epochs 62   ZILN-NLL 0.6162  KL 0.3699  beta_t 0.0319
2026-03-26 15:03:09 | [60/100] kl_warmup_epochs 62   ZILN-NLL 0.6099  KL 0.2644  beta_t 0.0382
2026-03-26 15:03:17 | [70/100] kl_warmup_epochs 62   ZILN-NLL 0.6079  KL 0.2060  beta_t 0.0395
2026-03-26 15:03:24 | [80/100] kl_warmup_epochs 62   ZILN-NLL 0.6063  KL 0.1799  beta_t 0.0395
2026-03-26 15:03:31 | [90/100] kl_warmup_epochs 62   ZILN-NLL 0.6073  KL 0.1699  beta_t 0.0395
2026-03-26 15:03:38 | [100/100] kl_warmup_epochs 62   ZILN-NLL 0.6046  KL 0.1686  beta_t 0.0395
2026-03-26 15:03:39 | Trial 6 | eval ValueError: no. of valid cluster < 2
2026-03-26 15:03:41 | [10/150] kl_warmup_epochs 47   ZILN-NLL 9.2928  KL 1.4769  beta_t 0.0818
2026-03-26 15:03:43 | [20/150] kl_warmup_epochs 47   ZILN-NLL 0.8656  KL 0.7238  beta_t 0.1637
2026-03-26 15:03:45 | [30/150] kl_warmup_epochs 47   ZILN-NLL 0.7686  KL 0.3816  beta_t 0.2455
2026-03-26 15:03:48 | [40/150] kl_warmup_epochs 47   ZILN-NLL 0.7565  KL 0.2274  beta_t 0.3273
2026-03-26 15:03:50 | [50/150] kl_warmup_epochs 47   ZILN-NLL 0.6894  KL 0.1545  beta_t 0.3846
2026-03-26 15:03:52 | [60/150] kl_warmup_epochs 47   ZILN-NLL 0.7158  KL 0.1154  beta_t 0.3846
2026-03-26 15:03:54 | [70/150] kl_warmup_epochs 47   ZILN-NLL 0.6576  KL 0.1129  beta_t 0.3846
2026-03-26 15:03:57 | [80/150] kl_warmup_epochs 47   ZILN-NLL 0.6393  KL 0.0907  beta_t 0.3846
2026-03-26 15:03:59 | [90/150] kl_warmup_epochs 47   ZILN-NLL 0.6272  KL 0.0854  beta_t 0.3846
2026-03-26 15:04:01 | [100/150] kl_warmup_epochs 47   ZILN-NLL 0.6152  KL 0.0877  beta_t 0.3846
2026-03-26 15:04:03 | [110/150] kl_warmup_epochs 47   ZILN-NLL 0.6118  KL 0.0748  beta_t 0.3846
2026-03-26 15:04:05 | [120/150] kl_warmup_epochs 47   ZILN-NLL 0.6154  KL 0.0835  beta_t 0.3846
2026-03-26 15:04:08 | [130/150] kl_warmup_epochs 47   ZILN-NLL 0.6050  KL 0.0750  beta_t 0.3846
2026-03-26 15:04:10 | [140/150] kl_warmup_epochs 47   ZILN-NLL 0.5972  KL 0.0790  beta_t 0.3846
2026-03-26 15:04:12 | [150/150] kl_warmup_epochs 47   ZILN-NLL 0.5996  KL 0.0782  beta_t 0.3846
2026-03-26 15:04:12 | Trial 7 | eval ValueError: operands could not be broadcast together with shapes (42,) (20,) 
2026-03-26 15:04:35 | [10/150] kl_warmup_epochs 70   ZILN-NLL 0.2881  KL 0.2144  beta_t 0.0921
2026-03-26 15:04:56 | [20/150] kl_warmup_epochs 70   ZILN-NLL 0.2577  KL 0.0436  beta_t 0.1842
2026-03-26 15:05:17 | [30/150] kl_warmup_epochs 70   ZILN-NLL 0.2536  KL 0.0143  beta_t 0.2763
2026-03-26 15:05:39 | [40/150] kl_warmup_epochs 70   ZILN-NLL 0.2411  KL 0.0065  beta_t 0.3684
2026-03-26 15:06:00 | [50/150] kl_warmup_epochs 70   ZILN-NLL 0.2442  KL 0.0032  beta_t 0.4605
2026-03-26 15:06:21 | [60/150] kl_warmup_epochs 70   ZILN-NLL 0.2372  KL 0.0015  beta_t 0.5526
2026-03-26 15:06:43 | [70/150] kl_warmup_epochs 70   ZILN-NLL 0.2471  KL 0.0008  beta_t 0.6447
2026-03-26 15:07:05 | [80/150] kl_warmup_epochs 70   ZILN-NLL 0.2386  KL 0.0005  beta_t 0.6447
2026-03-26 15:07:26 | [90/150] kl_warmup_epochs 70   ZILN-NLL 0.2438  KL 0.0003  beta_t 0.6447
2026-03-26 15:07:47 | [100/150] kl_warmup_epochs 70   ZILN-NLL 0.2453  KL 0.0002  beta_t 0.6447
2026-03-26 15:08:09 | [110/150] kl_warmup_epochs 70   ZILN-NLL 0.2392  KL 0.0001  beta_t 0.6447
